Compiled jquery.js  (4ms)  (pid 13707)
Compiled jquery_ujs.js  (0ms)  (pid 13707)
Compiled products.js  (164ms)  (pid 13707)
Compiled application.js  (196ms)  (pid 13707)
Compiled depot.css  (0ms)  (pid 13707)
Compiled products.css  (3ms)  (pid 13707)
Compiled scaffolds.css  (16ms)  (pid 13707)
Compiled application.css  (34ms)  (pid 13707)
Compiled jquery.js  (5ms)  (pid 13707)
Compiled jquery_ujs.js  (0ms)  (pid 13707)
Compiled products.js  (175ms)  (pid 13707)
Compiled application.js  (204ms)  (pid 13707)
Compiled depot.css  (0ms)  (pid 13707)
Compiled products.css  (3ms)  (pid 13707)
Compiled scaffolds.css  (16ms)  (pid 13707)
Compiled application.css  (33ms)  (pid 13707)
Compiled jquery.js  (4ms)  (pid 13798)
Compiled jquery_ujs.js  (0ms)  (pid 13798)
Compiled products.js  (177ms)  (pid 13798)
Compiled application.js  (209ms)  (pid 13798)
Compiled depot.css  (0ms)  (pid 13798)
Compiled products.css  (3ms)  (pid 13798)
Compiled scaffolds.css  (16ms)  (pid 13798)
Compiled application.css  (34ms)  (pid 13798)
Compiled jquery.js  (5ms)  (pid 13798)
Compiled jquery_ujs.js  (0ms)  (pid 13798)
Compiled products.js  (179ms)  (pid 13798)
Compiled application.js  (211ms)  (pid 13798)
Compiled depot.css  (0ms)  (pid 13798)
Compiled products.css  (4ms)  (pid 13798)
Compiled scaffolds.css  (20ms)  (pid 13798)
Compiled application.css  (42ms)  (pid 13798)
Compiled jquery.js  (6ms)  (pid 12188)
Compiled jquery_ujs.js  (0ms)  (pid 12188)
Compiled carts.js  (509ms)  (pid 12188)
Compiled line_items.js  (134ms)  (pid 12188)
Compiled products.js  (149ms)  (pid 12188)
Compiled store.js  (124ms)  (pid 12188)
Compiled application.js  (1113ms)  (pid 12188)
Compiled carts.css  (37ms)  (pid 12188)
Compiled depot.css  (0ms)  (pid 12188)
Compiled line_items.css  (48ms)  (pid 12188)
Compiled products.css  (1ms)  (pid 12188)
Compiled scaffolds.css  (20ms)  (pid 12188)
Compiled store.css  (3ms)  (pid 12188)
Compiled application.css  (186ms)  (pid 12188)
Compiled jquery.js  (5ms)  (pid 12188)
Compiled jquery_ujs.js  (0ms)  (pid 12188)
Compiled carts.js  (138ms)  (pid 12188)
Compiled line_items.js  (133ms)  (pid 12188)
Compiled products.js  (132ms)  (pid 12188)
Compiled store.js  (136ms)  (pid 12188)
Compiled application.js  (631ms)  (pid 12188)
Compiled carts.css  (3ms)  (pid 12188)
Compiled depot.css  (0ms)  (pid 12188)
Compiled line_items.css  (1ms)  (pid 12188)
Compiled products.css  (1ms)  (pid 12188)
Compiled scaffolds.css  (61ms)  (pid 12188)
Compiled store.css  (1ms)  (pid 12188)
Compiled application.css  (96ms)  (pid 12188)
Compiled jquery.js  (5ms)  (pid 13206)
Compiled jquery_ujs.js  (0ms)  (pid 13206)
Compiled carts.js  (135ms)  (pid 13206)
Compiled line_items.js  (132ms)  (pid 13206)
Compiled products.js  (131ms)  (pid 13206)
Compiled store.js  (135ms)  (pid 13206)
Compiled application.js  (596ms)  (pid 13206)
Compiled carts.css  (3ms)  (pid 13206)
Compiled depot.css  (0ms)  (pid 13206)
Compiled line_items.css  (48ms)  (pid 13206)
Compiled products.css  (1ms)  (pid 13206)
Compiled scaffolds.css  (16ms)  (pid 13206)
Compiled store.css  (1ms)  (pid 13206)
Compiled application.css  (99ms)  (pid 13206)
Compiled jquery.js  (5ms)  (pid 13206)
Compiled jquery_ujs.js  (0ms)  (pid 13206)
Compiled carts.js  (135ms)  (pid 13206)
Compiled line_items.js  (135ms)  (pid 13206)
Compiled products.js  (134ms)  (pid 13206)
Compiled store.js  (134ms)  (pid 13206)
Compiled application.js  (638ms)  (pid 13206)
Compiled carts.css  (3ms)  (pid 13206)
Compiled depot.css  (0ms)  (pid 13206)
Compiled line_items.css  (1ms)  (pid 13206)
Compiled products.css  (1ms)  (pid 13206)
Compiled scaffolds.css  (59ms)  (pid 13206)
Compiled store.css  (1ms)  (pid 13206)
Compiled application.css  (95ms)  (pid 13206)
Compiled application.js  (0ms)  (pid 6676)
Compiled carts.css  (28ms)  (pid 6676)
Compiled depot.css  (0ms)  (pid 6676)
Compiled line_items.css  (3ms)  (pid 6676)
Compiled products.css  (1ms)  (pid 6676)
Compiled scaffolds.css  (16ms)  (pid 6676)
Compiled store.css  (3ms)  (pid 6676)
Compiled application.css  (137ms)  (pid 6676)
Compiled application.js  (0ms)  (pid 6676)
Compiled carts.css  (3ms)  (pid 6676)
Compiled depot.css  (0ms)  (pid 6676)
Compiled line_items.css  (1ms)  (pid 6676)
Compiled products.css  (1ms)  (pid 6676)
Compiled scaffolds.css  (17ms)  (pid 6676)
Compiled store.css  (1ms)  (pid 6676)
Compiled application.css  (51ms)  (pid 6676)
Compiled application.js  (0ms)  (pid 6684)
Compiled carts.css  (3ms)  (pid 6684)
Compiled depot.css  (0ms)  (pid 6684)
Compiled line_items.css  (1ms)  (pid 6684)
Compiled products.css  (1ms)  (pid 6684)
Compiled scaffolds.css  (16ms)  (pid 6684)
Compiled store.css  (1ms)  (pid 6684)
Compiled application.css  (50ms)  (pid 6684)
Compiled application.js  (0ms)  (pid 6684)
Compiled carts.css  (3ms)  (pid 6684)
Compiled depot.css  (0ms)  (pid 6684)
Compiled line_items.css  (1ms)  (pid 6684)
Compiled products.css  (1ms)  (pid 6684)
Compiled scaffolds.css  (16ms)  (pid 6684)
Compiled store.css  (1ms)  (pid 6684)
Compiled application.css  (51ms)  (pid 6684)
Compiled application.js  (0ms)  (pid 6692)
Compiled carts.css  (3ms)  (pid 6692)
Compiled depot.css  (0ms)  (pid 6692)
Compiled line_items.css  (1ms)  (pid 6692)
Compiled products.css  (1ms)  (pid 6692)
Compiled scaffolds.css  (16ms)  (pid 6692)
Compiled store.css  (1ms)  (pid 6692)
Compiled application.css  (50ms)  (pid 6692)
Compiled application.js  (0ms)  (pid 6692)
Compiled carts.css  (3ms)  (pid 6692)
Compiled depot.css  (0ms)  (pid 6692)
Compiled line_items.css  (1ms)  (pid 6692)
Compiled products.css  (1ms)  (pid 6692)
Compiled scaffolds.css  (16ms)  (pid 6692)
Compiled store.css  (1ms)  (pid 6692)
Compiled application.css  (50ms)  (pid 6692)
Connecting to database specified by database.yml


Started GET "/" for 127.0.0.1 at 2012-08-07 02:37:23 +0600
Processing by StoreController#index as HTML
Completed 500 Internal Server Error in 3ms

ActiveRecord::StatementInvalid (Could not find table 'products'):
  app/controllers/store_controller.rb:24:in `index'




Started GET "/" for 127.0.0.1 at 2012-08-07 02:37:26 +0600
Processing by StoreController#index as HTML
Completed 500 Internal Server Error in 2ms

ActiveRecord::StatementInvalid (Could not find table 'products'):
  app/controllers/store_controller.rb:24:in `index'




Started GET "/" for 127.0.0.1 at 2012-08-07 02:37:37 +0600
Processing by StoreController#index as HTML
Completed 500 Internal Server Error in 1ms

ActiveRecord::StatementInvalid (Could not find table 'products'):
  app/controllers/store_controller.rb:24:in `index'




Started GET "/" for 127.0.0.1 at 2012-08-07 02:37:38 +0600
Processing by StoreController#index as HTML
Completed 500 Internal Server Error in 1ms

ActiveRecord::StatementInvalid (Could not find table 'products'):
  app/controllers/store_controller.rb:24:in `index'




Started GET "/" for 127.0.0.1 at 2012-08-07 02:37:42 +0600
Processing by StoreController#index as HTML
Completed 500 Internal Server Error in 1ms

ActiveRecord::StatementInvalid (Could not find table 'products'):
  app/controllers/store_controller.rb:24:in `index'


Connecting to database specified by database.yml


Started GET "/" for 127.0.0.1 at 2012-08-07 02:38:42 +0600
Processing by StoreController#index as HTML
Completed 500 Internal Server Error in 3ms

ActiveRecord::StatementInvalid (Could not find table 'products'):
  app/controllers/store_controller.rb:24:in `index'


